Loading modules...
Activating venv...
MASTER_ADDR=c613-091
MASTER_PORT=29500
WORLD_SIZE=16
Launching distributed job via srun...
Starting training script with world size 16...
Loading datasets...
Initializing model...
Model has 336.67 million parameters.
No checkpoint found at 16gpu_out/latest.pt, starting from scratch.
No checkpoint found at 16gpu_out/latest.pt, starting from scratch.
No checkpoint found at 16gpu_out/latest.pt, starting from scratch.
No checkpoint found at 16gpu_out/latest.pt, starting from scratch.
No checkpoint found at 16gpu_out/latest.pt, starting from scratch.
No checkpoint found at 16gpu_out/latest.pt, starting from scratch.
No checkpoint found at 16gpu_out/latest.pt, starting from scratch.
No checkpoint found at 16gpu_out/latest.pt, starting from scratch.
No checkpoint found at 16gpu_out/latest.pt, starting from scratch.
No checkpoint found at 16gpu_out/latest.pt, starting from scratch.
No checkpoint found at 16gpu_out/latest.pt, starting from scratch.
No checkpoint found at 16gpu_out/latest.pt, starting from scratch.
Starting training...
No checkpoint found at 16gpu_out/latest.pt, starting from scratch.
No checkpoint found at 16gpu_out/latest.pt, starting from scratch.
No checkpoint found at 16gpu_out/latest.pt, starting from scratch.
No checkpoint found at 16gpu_out/latest.pt, starting from scratch.
Epoch 0 | Batch 1/163089 | Loss: 6.2844
Epoch 0 | Batch 11/163089 | Loss: 4.4384
Epoch 0 | Batch 21/163089 | Loss: 4.1526
Epoch 0 | Batch 31/163089 | Loss: 4.1143
Epoch 0 | Batch 41/163089 | Loss: 3.9814
Epoch 0 | Batch 51/163089 | Loss: 3.8053
Epoch 0 | Batch 61/163089 | Loss: 3.6566
Epoch 0 | Batch 71/163089 | Loss: 3.5317
Epoch 0 | Batch 81/163089 | Loss: 3.4690
Epoch 0 | Batch 91/163089 | Loss: 3.4874
Epoch 0 | Batch 101/163089 | Loss: 3.6413
Epoch 0 | Batch 111/163089 | Loss: 3.4772
Epoch 0 | Batch 121/163089 | Loss: 3.4178
Epoch 0 | Batch 131/163089 | Loss: 3.4332
Epoch 0 | Batch 141/163089 | Loss: 3.4708
Epoch 0 | Batch 151/163089 | Loss: 3.4159
Epoch 0 | Batch 161/163089 | Loss: 3.3280
Epoch 0 | Batch 171/163089 | Loss: 3.4312
Epoch 0 | Batch 181/163089 | Loss: 3.4260
Epoch 0 | Batch 191/163089 | Loss: 3.3307
Epoch 0 | Batch 201/163089 | Loss: 3.2218
Epoch 0 | Batch 211/163089 | Loss: 3.3616
Epoch 0 | Batch 221/163089 | Loss: 3.3454
Epoch 0 | Batch 231/163089 | Loss: 3.2817
Epoch 0 | Batch 241/163089 | Loss: 3.3166
Epoch 0 | Batch 251/163089 | Loss: 3.4149
Epoch 0 | Batch 261/163089 | Loss: 3.2893
Epoch 0 | Batch 271/163089 | Loss: 3.3445
Epoch 0 | Batch 281/163089 | Loss: 3.3596
Epoch 0 | Batch 291/163089 | Loss: 3.3465
Epoch 0 | Batch 301/163089 | Loss: 3.3630
Epoch 0 | Batch 311/163089 | Loss: 3.4810
Epoch 0 | Batch 321/163089 | Loss: 3.2580
Epoch 0 | Batch 331/163089 | Loss: 3.3102
Epoch 0 | Batch 341/163089 | Loss: 3.3352
Epoch 0 | Batch 351/163089 | Loss: 3.3048
Epoch 0 | Batch 361/163089 | Loss: 3.3035
Epoch 0 | Batch 371/163089 | Loss: 3.2499
Epoch 0 | Batch 381/163089 | Loss: 3.3664
Epoch 0 | Batch 391/163089 | Loss: 3.2154
Epoch 0 | Batch 401/163089 | Loss: 3.1240
Epoch 0 | Batch 411/163089 | Loss: 3.2091
Epoch 0 | Batch 421/163089 | Loss: 3.1918
Epoch 0 | Batch 431/163089 | Loss: 3.0933
Epoch 0 | Batch 441/163089 | Loss: 3.1357
Epoch 0 | Batch 451/163089 | Loss: 3.1272
Epoch 0 | Batch 461/163089 | Loss: 3.0744
Epoch 0 | Batch 471/163089 | Loss: 2.9746
Epoch 0 | Batch 481/163089 | Loss: 3.0056
Epoch 0 | Batch 491/163089 | Loss: 2.9858
Epoch 0 | Batch 501/163089 | Loss: 3.0094
Epoch 0 | Batch 511/163089 | Loss: 2.9622
Epoch 0 | Batch 521/163089 | Loss: 2.9797
Epoch 0 | Batch 531/163089 | Loss: 2.8625
Epoch 0 | Batch 541/163089 | Loss: 2.8879
Epoch 0 | Batch 551/163089 | Loss: 2.8535
Epoch 0 | Batch 561/163089 | Loss: 3.0140
Epoch 0 | Batch 571/163089 | Loss: 3.0992
Epoch 0 | Batch 581/163089 | Loss: 3.0647
Epoch 0 | Batch 591/163089 | Loss: 3.0448
Epoch 0 | Batch 601/163089 | Loss: 2.9209
Epoch 0 | Batch 611/163089 | Loss: 2.9365
Epoch 0 | Batch 621/163089 | Loss: 2.8632
Epoch 0 | Batch 631/163089 | Loss: 2.8994
Epoch 0 | Batch 641/163089 | Loss: 2.9549
Epoch 0 | Batch 651/163089 | Loss: 2.9469
Epoch 0 | Batch 661/163089 | Loss: 2.8998
Epoch 0 | Batch 671/163089 | Loss: 2.9504
Epoch 0 | Batch 681/163089 | Loss: 2.9980
Epoch 0 | Batch 691/163089 | Loss: 2.8538
Epoch 0 | Batch 701/163089 | Loss: 3.0204
Epoch 0 | Batch 711/163089 | Loss: 2.9117
Epoch 0 | Batch 721/163089 | Loss: 2.9160
Epoch 0 | Batch 731/163089 | Loss: 3.0106
Epoch 0 | Batch 741/163089 | Loss: 2.9419
Epoch 0 | Batch 751/163089 | Loss: 2.8880
Epoch 0 | Batch 761/163089 | Loss: 2.9336
Epoch 0 | Batch 771/163089 | Loss: 2.8010
Epoch 0 | Batch 781/163089 | Loss: 2.9620
Epoch 0 | Batch 791/163089 | Loss: 2.8077
Epoch 0 | Batch 801/163089 | Loss: 2.9501
Epoch 0 | Batch 811/163089 | Loss: 2.8455
Epoch 0 | Batch 821/163089 | Loss: 2.9354
Epoch 0 | Batch 831/163089 | Loss: 2.8452
Epoch 0 | Batch 841/163089 | Loss: 2.8972
Epoch 0 | Batch 851/163089 | Loss: 2.8872
Epoch 0 | Batch 861/163089 | Loss: 2.8070
Epoch 0 | Batch 871/163089 | Loss: 2.9563
Epoch 0 | Batch 881/163089 | Loss: 3.0093
Epoch 0 | Batch 891/163089 | Loss: 2.8402
Epoch 0 | Batch 901/163089 | Loss: 2.9162
Epoch 0 | Batch 911/163089 | Loss: 2.9158
Epoch 0 | Batch 921/163089 | Loss: 2.8454
Epoch 0 | Batch 931/163089 | Loss: 2.8627
Epoch 0 | Batch 941/163089 | Loss: 2.8752
Epoch 0 | Batch 951/163089 | Loss: 2.8946
Epoch 0 | Batch 961/163089 | Loss: 2.8617
Epoch 0 | Batch 971/163089 | Loss: 2.8606
Epoch 0 | Batch 981/163089 | Loss: 2.8296
Epoch 0 | Batch 991/163089 | Loss: 2.9999
Epoch 0 | Batch 1001/163089 | Loss: 2.8607
Epoch 0 | Batch 1011/163089 | Loss: 2.7241
Epoch 0 | Batch 1021/163089 | Loss: 2.8729
Epoch 0 | Batch 1031/163089 | Loss: 3.1661
Epoch 0 | Batch 1041/163089 | Loss: 3.0084
Epoch 0 | Batch 1051/163089 | Loss: 2.9221
Epoch 0 | Batch 1061/163089 | Loss: 2.9189
Epoch 0 | Batch 1071/163089 | Loss: 2.9652
Epoch 0 | Batch 1081/163089 | Loss: 2.8590
Epoch 0 | Batch 1091/163089 | Loss: 2.9382
Epoch 0 | Batch 1101/163089 | Loss: 2.8934
Epoch 0 | Batch 1111/163089 | Loss: 2.8452
Epoch 0 | Batch 1121/163089 | Loss: 2.9299
Epoch 0 | Batch 1131/163089 | Loss: 2.9170
Epoch 0 | Batch 1141/163089 | Loss: 2.8669
Epoch 0 | Batch 1151/163089 | Loss: 2.8785
Epoch 0 | Batch 1161/163089 | Loss: 2.9257
Epoch 0 | Batch 1171/163089 | Loss: 2.9714
Epoch 0 | Batch 1181/163089 | Loss: 2.9256
Epoch 0 | Batch 1191/163089 | Loss: 2.8883
Epoch 0 | Batch 1201/163089 | Loss: 2.8881
Epoch 0 | Batch 1211/163089 | Loss: 2.8050
Epoch 0 | Batch 1221/163089 | Loss: 2.9573
Epoch 0 | Batch 1231/163089 | Loss: 2.8406
Epoch 0 | Batch 1241/163089 | Loss: 2.9234
Epoch 0 | Batch 1251/163089 | Loss: 2.8096
Epoch 0 | Batch 1261/163089 | Loss: 2.8798
Epoch 0 | Batch 1271/163089 | Loss: 2.7371
Epoch 0 | Batch 1281/163089 | Loss: 2.7204
Epoch 0 | Batch 1291/163089 | Loss: 2.7490
Epoch 0 | Batch 1301/163089 | Loss: 2.8709
Epoch 0 | Batch 1311/163089 | Loss: 2.7692
Epoch 0 | Batch 1321/163089 | Loss: 2.7535
Epoch 0 | Batch 1331/163089 | Loss: 2.5710
Epoch 0 | Batch 1341/163089 | Loss: 2.8261
Epoch 0 | Batch 1351/163089 | Loss: 2.6763
Epoch 0 | Batch 1361/163089 | Loss: 2.6889
Epoch 0 | Batch 1371/163089 | Loss: 2.7923
Epoch 0 | Batch 1381/163089 | Loss: 2.7448
Epoch 0 | Batch 1391/163089 | Loss: 2.6151
Epoch 0 | Batch 1401/163089 | Loss: 2.7690
Epoch 0 | Batch 1411/163089 | Loss: 2.7000
Epoch 0 | Batch 1421/163089 | Loss: 2.5954
Epoch 0 | Batch 1431/163089 | Loss: 2.7103
Epoch 0 | Batch 1441/163089 | Loss: 2.6615
Epoch 0 | Batch 1451/163089 | Loss: 2.6094
Epoch 0 | Batch 1461/163089 | Loss: 2.6216
Epoch 0 | Batch 1471/163089 | Loss: 2.6824
Epoch 0 | Batch 1481/163089 | Loss: 2.6788
Epoch 0 | Batch 1491/163089 | Loss: 2.6266
Epoch 0 | Batch 1501/163089 | Loss: 2.6431
Epoch 0 | Batch 1511/163089 | Loss: 2.6194
Epoch 0 | Batch 1521/163089 | Loss: 2.6776
Epoch 0 | Batch 1531/163089 | Loss: 2.6255
Epoch 0 | Batch 1541/163089 | Loss: 2.6476
Epoch 0 | Batch 1551/163089 | Loss: 2.5939
Epoch 0 | Batch 1561/163089 | Loss: 2.5143
Epoch 0 | Batch 1571/163089 | Loss: 2.6366
Epoch 0 | Batch 1581/163089 | Loss: 2.6190
Epoch 0 | Batch 1591/163089 | Loss: 2.5271
Epoch 0 | Batch 1601/163089 | Loss: 2.6337
Epoch 0 | Batch 1611/163089 | Loss: 2.5006
Epoch 0 | Batch 1621/163089 | Loss: 2.6446
Epoch 0 | Batch 1631/163089 | Loss: 2.3983
Epoch 0 | Batch 1641/163089 | Loss: 2.4098
Epoch 0 | Batch 1651/163089 | Loss: 2.5387
Epoch 0 | Batch 1661/163089 | Loss: 2.5456
Epoch 0 | Batch 1671/163089 | Loss: 2.5966
Epoch 0 | Batch 1681/163089 | Loss: 2.4019
Epoch 0 | Batch 1691/163089 | Loss: 2.5330
Epoch 0 | Batch 1701/163089 | Loss: 2.5349
Epoch 0 | Batch 1711/163089 | Loss: 2.4810
Epoch 0 | Batch 1721/163089 | Loss: 2.4955
Epoch 0 | Batch 1731/163089 | Loss: 2.5408
Epoch 0 | Batch 1741/163089 | Loss: 2.3482
Epoch 0 | Batch 1751/163089 | Loss: 2.3455
Epoch 0 | Batch 1761/163089 | Loss: 2.3494
Epoch 0 | Batch 1771/163089 | Loss: 2.4474
Epoch 0 | Batch 1781/163089 | Loss: 2.3717
Epoch 0 | Batch 1791/163089 | Loss: 2.4512
Epoch 0 | Batch 1801/163089 | Loss: 2.3951
Epoch 0 | Batch 1811/163089 | Loss: 2.4295
Epoch 0 | Batch 1821/163089 | Loss: 2.5156
Epoch 0 | Batch 1831/163089 | Loss: 2.3226
Epoch 0 | Batch 1841/163089 | Loss: 2.2487
Epoch 0 | Batch 1851/163089 | Loss: 2.1586
Epoch 0 | Batch 1861/163089 | Loss: 2.3731
Epoch 0 | Batch 1871/163089 | Loss: 2.4530
Epoch 0 | Batch 1881/163089 | Loss: 2.3319
Epoch 0 | Batch 1891/163089 | Loss: 2.3016
Epoch 0 | Batch 1901/163089 | Loss: 2.2951
Epoch 0 | Batch 1911/163089 | Loss: 2.1625
Epoch 0 | Batch 1921/163089 | Loss: 2.3833
Epoch 0 | Batch 1931/163089 | Loss: 2.1479
Epoch 0 | Batch 1941/163089 | Loss: 2.1900
Epoch 0 | Batch 1951/163089 | Loss: 2.2435
Epoch 0 | Batch 1961/163089 | Loss: 2.2480
Epoch 0 | Batch 1971/163089 | Loss: 2.0841
Epoch 0 | Batch 1981/163089 | Loss: 2.2558
Epoch 0 | Batch 1991/163089 | Loss: 2.3008
Epoch 0 | Batch 2001/163089 | Loss: 2.2119
Epoch 0 | Batch 2011/163089 | Loss: 2.1914
Epoch 0 | Batch 2021/163089 | Loss: 2.0818
Epoch 0 | Batch 2031/163089 | Loss: 2.0840
Epoch 0 | Batch 2041/163089 | Loss: 2.1359
Epoch 0 | Batch 2051/163089 | Loss: 2.1896
Epoch 0 | Batch 2061/163089 | Loss: 2.3110
Epoch 0 | Batch 2071/163089 | Loss: 2.1305
Epoch 0 | Batch 2081/163089 | Loss: 2.1588
Epoch 0 | Batch 2091/163089 | Loss: 2.0459
Epoch 0 | Batch 2101/163089 | Loss: 2.1524
Epoch 0 | Batch 2111/163089 | Loss: 2.1384
Epoch 0 | Batch 2121/163089 | Loss: 2.2642
Epoch 0 | Batch 2131/163089 | Loss: 2.0799
Epoch 0 | Batch 2141/163089 | Loss: 1.9712
Epoch 0 | Batch 2151/163089 | Loss: 2.1397
Epoch 0 | Batch 2161/163089 | Loss: 1.9857
Epoch 0 | Batch 2171/163089 | Loss: 2.1570
Epoch 0 | Batch 2181/163089 | Loss: 2.0014
Epoch 0 | Batch 2191/163089 | Loss: 2.0213
Epoch 0 | Batch 2201/163089 | Loss: 2.0977
Epoch 0 | Batch 2211/163089 | Loss: 2.0375
Epoch 0 | Batch 2221/163089 | Loss: 2.1247
Epoch 0 | Batch 2231/163089 | Loss: 1.9970
Epoch 0 | Batch 2241/163089 | Loss: 1.8314
Epoch 0 | Batch 2251/163089 | Loss: 2.0034
Epoch 0 | Batch 2261/163089 | Loss: 2.0646
Epoch 0 | Batch 2271/163089 | Loss: 2.0106
Epoch 0 | Batch 2281/163089 | Loss: 1.9544
Epoch 0 | Batch 2291/163089 | Loss: 2.1682
Epoch 0 | Batch 2301/163089 | Loss: 2.0486
Epoch 0 | Batch 2311/163089 | Loss: 1.9896
Epoch 0 | Batch 2321/163089 | Loss: 2.0516
Epoch 0 | Batch 2331/163089 | Loss: 2.0052
Epoch 0 | Batch 2341/163089 | Loss: 2.0703
Epoch 0 | Batch 2351/163089 | Loss: 2.1245
Epoch 0 | Batch 2361/163089 | Loss: 2.0465
Epoch 0 | Batch 2371/163089 | Loss: 1.9507
Epoch 0 | Batch 2381/163089 | Loss: 2.0704
Epoch 0 | Batch 2391/163089 | Loss: 2.0516
Epoch 0 | Batch 2401/163089 | Loss: 1.9869
Epoch 0 | Batch 2411/163089 | Loss: 1.9693
Epoch 0 | Batch 2421/163089 | Loss: 2.1414
Epoch 0 | Batch 2431/163089 | Loss: 1.9294
Epoch 0 | Batch 2441/163089 | Loss: 2.0106
Epoch 0 | Batch 2451/163089 | Loss: 1.9646
Epoch 0 | Batch 2461/163089 | Loss: 2.0990
Epoch 0 | Batch 2471/163089 | Loss: 1.9291
Epoch 0 | Batch 2481/163089 | Loss: 2.0557
Epoch 0 | Batch 2491/163089 | Loss: 1.9926
Epoch 0 | Batch 2501/163089 | Loss: 1.8836
Epoch 0 | Batch 2511/163089 | Loss: 1.8380
Epoch 0 | Batch 2521/163089 | Loss: 2.0209
Epoch 0 | Batch 2531/163089 | Loss: 1.8592
Epoch 0 | Batch 2541/163089 | Loss: 1.9145
Epoch 0 | Batch 2551/163089 | Loss: 1.8035
Epoch 0 | Batch 2561/163089 | Loss: 1.8788
Epoch 0 | Batch 2571/163089 | Loss: 1.9921
Epoch 0 | Batch 2581/163089 | Loss: 2.0009
Epoch 0 | Batch 2591/163089 | Loss: 1.8919
Epoch 0 | Batch 2601/163089 | Loss: 2.0000
Epoch 0 | Batch 2611/163089 | Loss: 1.8932
Epoch 0 | Batch 2621/163089 | Loss: 1.9340
Epoch 0 | Batch 2631/163089 | Loss: 1.7474
Epoch 0 | Batch 2641/163089 | Loss: 1.8701
Epoch 0 | Batch 2651/163089 | Loss: 1.9670
Epoch 0 | Batch 2661/163089 | Loss: 1.8573
Epoch 0 | Batch 2671/163089 | Loss: 1.8691
Epoch 0 | Batch 2681/163089 | Loss: 1.8734
Epoch 0 | Batch 2691/163089 | Loss: 1.7430
Epoch 0 | Batch 2701/163089 | Loss: 2.1910
Epoch 0 | Batch 2711/163089 | Loss: 1.7663
Epoch 0 | Batch 2721/163089 | Loss: 2.1261
Epoch 0 | Batch 2731/163089 | Loss: 1.9485
Epoch 0 | Batch 2741/163089 | Loss: 1.9884
Epoch 0 | Batch 2751/163089 | Loss: 1.8709
Epoch 0 | Batch 2761/163089 | Loss: 1.9574
Epoch 0 | Batch 2771/163089 | Loss: 1.9399
Epoch 0 | Batch 2781/163089 | Loss: 1.9316
Epoch 0 | Batch 2791/163089 | Loss: 2.0150
Epoch 0 | Batch 2801/163089 | Loss: 2.0444
Epoch 0 | Batch 2811/163089 | Loss: 1.8308
Epoch 0 | Batch 2821/163089 | Loss: 2.0551
Epoch 0 | Batch 2831/163089 | Loss: 1.8945
Epoch 0 | Batch 2841/163089 | Loss: 2.0097
Epoch 0 | Batch 2851/163089 | Loss: 1.9735
Epoch 0 | Batch 2861/163089 | Loss: 1.9086
Epoch 0 | Batch 2871/163089 | Loss: 1.7007
Epoch 0 | Batch 2881/163089 | Loss: 1.7774
Epoch 0 | Batch 2891/163089 | Loss: 1.8986
Epoch 0 | Batch 2901/163089 | Loss: 1.7369
Epoch 0 | Batch 2911/163089 | Loss: 1.9777
Epoch 0 | Batch 2921/163089 | Loss: 2.1014
Epoch 0 | Batch 2931/163089 | Loss: 1.8246
Epoch 0 | Batch 2941/163089 | Loss: 1.8751
Epoch 0 | Batch 2951/163089 | Loss: 1.8789
Epoch 0 | Batch 2961/163089 | Loss: 1.9813
Epoch 0 | Batch 2971/163089 | Loss: 1.9078
Epoch 0 | Batch 2981/163089 | Loss: 1.7580
Epoch 0 | Batch 2991/163089 | Loss: 1.9801
Epoch 0 | Batch 3001/163089 | Loss: 1.9405
Epoch 0 | Batch 3011/163089 | Loss: 1.9107
Epoch 0 | Batch 3021/163089 | Loss: 1.8987
Epoch 0 | Batch 3031/163089 | Loss: 1.9654
Epoch 0 | Batch 3041/163089 | Loss: 1.7747
Epoch 0 | Batch 3051/163089 | Loss: 1.9931
Epoch 0 | Batch 3061/163089 | Loss: 1.8435
Epoch 0 | Batch 3071/163089 | Loss: 1.9258
Epoch 0 | Batch 3081/163089 | Loss: 1.8283
Epoch 0 | Batch 3091/163089 | Loss: 1.7226
Epoch 0 | Batch 3101/163089 | Loss: 1.7911
Epoch 0 | Batch 3111/163089 | Loss: 1.8805
Epoch 0 | Batch 3121/163089 | Loss: 1.8070
Epoch 0 | Batch 3131/163089 | Loss: 1.7886
Epoch 0 | Batch 3141/163089 | Loss: 1.8343
Epoch 0 | Batch 3151/163089 | Loss: 1.8445
Epoch 0 | Batch 3161/163089 | Loss: 1.8477
Epoch 0 | Batch 3171/163089 | Loss: 1.7731
Epoch 0 | Batch 3181/163089 | Loss: 1.8692
Epoch 0 | Batch 3191/163089 | Loss: 1.9399
Epoch 0 | Batch 3201/163089 | Loss: 1.9038
Epoch 0 | Batch 3211/163089 | Loss: 1.7385
Epoch 0 | Batch 3221/163089 | Loss: 1.8555
Epoch 0 | Batch 3231/163089 | Loss: 1.7768
Epoch 0 | Batch 3241/163089 | Loss: 1.8849
Epoch 0 | Batch 3251/163089 | Loss: 1.8451
Epoch 0 | Batch 3261/163089 | Loss: 1.8329
Epoch 0 | Batch 3271/163089 | Loss: 1.8241
Epoch 0 | Batch 3281/163089 | Loss: 1.8477
Epoch 0 | Batch 3291/163089 | Loss: 1.8923
Epoch 0 | Batch 3301/163089 | Loss: 1.8429
Epoch 0 | Batch 3311/163089 | Loss: 1.7724
Epoch 0 | Batch 3321/163089 | Loss: 1.7753
Epoch 0 | Batch 3331/163089 | Loss: 1.8119
Epoch 0 | Batch 3341/163089 | Loss: 1.7417
Epoch 0 | Batch 3351/163089 | Loss: 1.8357
Epoch 0 | Batch 3361/163089 | Loss: 1.9063
Epoch 0 | Batch 3371/163089 | Loss: 1.8223
Epoch 0 | Batch 3381/163089 | Loss: 1.8564
Epoch 0 | Batch 3391/163089 | Loss: 1.8213
Epoch 0 | Batch 3401/163089 | Loss: 1.9673
Epoch 0 | Batch 3411/163089 | Loss: 1.9193
Epoch 0 | Batch 3421/163089 | Loss: 1.8692
Epoch 0 | Batch 3431/163089 | Loss: 1.9336
Epoch 0 | Batch 3441/163089 | Loss: 1.8812
Epoch 0 | Batch 3451/163089 | Loss: 1.9117
Epoch 0 | Batch 3461/163089 | Loss: 1.8751
Epoch 0 | Batch 3471/163089 | Loss: 1.8711
Epoch 0 | Batch 3481/163089 | Loss: 1.9152
Epoch 0 | Batch 3491/163089 | Loss: 1.7747
Epoch 0 | Batch 3501/163089 | Loss: 2.0755
Epoch 0 | Batch 3511/163089 | Loss: 1.8942
Epoch 0 | Batch 3521/163089 | Loss: 1.8051
Epoch 0 | Batch 3531/163089 | Loss: 1.8204
Epoch 0 | Batch 3541/163089 | Loss: 1.7510
Epoch 0 | Batch 3551/163089 | Loss: 1.6991
Epoch 0 | Batch 3561/163089 | Loss: 1.8174
Epoch 0 | Batch 3571/163089 | Loss: 1.8518
Epoch 0 | Batch 3581/163089 | Loss: 1.7977
Epoch 0 | Batch 3591/163089 | Loss: 1.8023
Epoch 0 | Batch 3601/163089 | Loss: 1.6036
Epoch 0 | Batch 3611/163089 | Loss: 1.7979
Epoch 0 | Batch 3621/163089 | Loss: 1.9032
Epoch 0 | Batch 3631/163089 | Loss: 1.7021
Epoch 0 | Batch 3641/163089 | Loss: 1.7823
Epoch 0 | Batch 3651/163089 | Loss: 1.8788
Epoch 0 | Batch 3661/163089 | Loss: 1.8250
Epoch 0 | Batch 3671/163089 | Loss: 1.9425
Epoch 0 | Batch 3681/163089 | Loss: 1.8021
Epoch 0 | Batch 3691/163089 | Loss: 1.8086
Epoch 0 | Batch 3701/163089 | Loss: 1.8193
Epoch 0 | Batch 3711/163089 | Loss: 1.8220
Epoch 0 | Batch 3721/163089 | Loss: 1.7316
Epoch 0 | Batch 3731/163089 | Loss: 1.8328
Epoch 0 | Batch 3741/163089 | Loss: 1.7947
Epoch 0 | Batch 3751/163089 | Loss: 1.8219
Epoch 0 | Batch 3761/163089 | Loss: 1.8596
Epoch 0 | Batch 3771/163089 | Loss: 1.7426
Epoch 0 | Batch 3781/163089 | Loss: 1.9928
Epoch 0 | Batch 3791/163089 | Loss: 1.9330
Epoch 0 | Batch 3801/163089 | Loss: 1.9654
Epoch 0 | Batch 3811/163089 | Loss: 1.9558
Epoch 0 | Batch 3821/163089 | Loss: 1.9420
Epoch 0 | Batch 3831/163089 | Loss: 1.7656
Epoch 0 | Batch 3841/163089 | Loss: 1.8134
Epoch 0 | Batch 3851/163089 | Loss: 1.7780
Epoch 0 | Batch 3861/163089 | Loss: 1.8348
Epoch 0 | Batch 3871/163089 | Loss: 1.7567
Epoch 0 | Batch 3881/163089 | Loss: 1.5882
Epoch 0 | Batch 3891/163089 | Loss: 1.7683
Epoch 0 | Batch 3901/163089 | Loss: 1.8309
Epoch 0 | Batch 3911/163089 | Loss: 1.8442
Epoch 0 | Batch 3921/163089 | Loss: 1.9321
Epoch 0 | Batch 3931/163089 | Loss: 1.7886
Epoch 0 | Batch 3941/163089 | Loss: 1.8258
Epoch 0 | Batch 3951/163089 | Loss: 2.0351
Epoch 0 | Batch 3961/163089 | Loss: 1.8236
Epoch 0 | Batch 3971/163089 | Loss: 1.7706
Epoch 0 | Batch 3981/163089 | Loss: 1.7900
Epoch 0 | Batch 3991/163089 | Loss: 1.9090
Epoch 0 | Batch 4001/163089 | Loss: 1.7633
Epoch 0 | Batch 4011/163089 | Loss: 1.7878
Epoch 0 | Batch 4021/163089 | Loss: 1.7309
Epoch 0 | Batch 4031/163089 | Loss: 1.6774
Epoch 0 | Batch 4041/163089 | Loss: 1.8151
Epoch 0 | Batch 4051/163089 | Loss: 1.7026
Epoch 0 | Batch 4061/163089 | Loss: 1.8091
Epoch 0 | Batch 4071/163089 | Loss: 1.7500
Epoch 0 | Batch 4081/163089 | Loss: 1.7255
Epoch 0 | Batch 4091/163089 | Loss: 1.9449
Epoch 0 | Batch 4101/163089 | Loss: 1.6951
Epoch 0 | Batch 4111/163089 | Loss: 1.8067
Epoch 0 | Batch 4121/163089 | Loss: 1.7147
Epoch 0 | Batch 4131/163089 | Loss: 1.9572
Epoch 0 | Batch 4141/163089 | Loss: 1.8593
Epoch 0 | Batch 4151/163089 | Loss: 1.7971
Epoch 0 | Batch 4161/163089 | Loss: 1.6636
Epoch 0 | Batch 4171/163089 | Loss: 1.7574
Epoch 0 | Batch 4181/163089 | Loss: 1.9264
Epoch 0 | Batch 4191/163089 | Loss: 1.7346
Epoch 0 | Batch 4201/163089 | Loss: 1.7238
Epoch 0 | Batch 4211/163089 | Loss: 1.6885
Epoch 0 | Batch 4221/163089 | Loss: 1.7470
Epoch 0 | Batch 4231/163089 | Loss: 1.8750
Epoch 0 | Batch 4241/163089 | Loss: 1.8001
Epoch 0 | Batch 4251/163089 | Loss: 1.8973
Epoch 0 | Batch 4261/163089 | Loss: 1.6571
Epoch 0 | Batch 4271/163089 | Loss: 1.6517
Epoch 0 | Batch 4281/163089 | Loss: 1.8513
Epoch 0 | Batch 4291/163089 | Loss: 1.9149
Epoch 0 | Batch 4301/163089 | Loss: 1.7924
Epoch 0 | Batch 4311/163089 | Loss: 1.7466
Epoch 0 | Batch 4321/163089 | Loss: 1.7038
Epoch 0 | Batch 4331/163089 | Loss: 1.7148
Epoch 0 | Batch 4341/163089 | Loss: 1.8593
Epoch 0 | Batch 4351/163089 | Loss: 1.7313
Epoch 0 | Batch 4361/163089 | Loss: 1.8982
Epoch 0 | Batch 4371/163089 | Loss: 1.9723
Epoch 0 | Batch 4381/163089 | Loss: 1.7177
Epoch 0 | Batch 4391/163089 | Loss: 1.8611
Epoch 0 | Batch 4401/163089 | Loss: 1.8949
Epoch 0 | Batch 4411/163089 | Loss: 1.8179
Epoch 0 | Batch 4421/163089 | Loss: 1.8734
Epoch 0 | Batch 4431/163089 | Loss: 1.7862
Epoch 0 | Batch 4441/163089 | Loss: 1.7225
Epoch 0 | Batch 4451/163089 | Loss: 1.6588
Epoch 0 | Batch 4461/163089 | Loss: 1.8879
Epoch 0 | Batch 4471/163089 | Loss: 1.8038
Epoch 0 | Batch 4481/163089 | Loss: 1.7205
Epoch 0 | Batch 4491/163089 | Loss: 1.8847
Epoch 0 | Batch 4501/163089 | Loss: 1.8378
Epoch 0 | Batch 4511/163089 | Loss: 1.8815
Epoch 0 | Batch 4521/163089 | Loss: 1.7204
Epoch 0 | Batch 4531/163089 | Loss: 1.8235
Epoch 0 | Batch 4541/163089 | Loss: 1.8774
Epoch 0 | Batch 4551/163089 | Loss: 1.6856
Epoch 0 | Batch 4561/163089 | Loss: 1.7519
Epoch 0 | Batch 4571/163089 | Loss: 1.7027
Epoch 0 | Batch 4581/163089 | Loss: 1.8656
Epoch 0 | Batch 4591/163089 | Loss: 1.8905
Epoch 0 | Batch 4601/163089 | Loss: 1.8468
Epoch 0 | Batch 4611/163089 | Loss: 1.7907
Epoch 0 | Batch 4621/163089 | Loss: 1.8705
Epoch 0 | Batch 4631/163089 | Loss: 1.7997
Epoch 0 | Batch 4641/163089 | Loss: 1.7571
Epoch 0 | Batch 4651/163089 | Loss: 1.9464
Epoch 0 | Batch 4661/163089 | Loss: 1.9160
Epoch 0 | Batch 4671/163089 | Loss: 1.9916
Epoch 0 | Batch 4681/163089 | Loss: 1.9735
Epoch 0 | Batch 4691/163089 | Loss: 2.0157
Epoch 0 | Batch 4701/163089 | Loss: 1.7315
Epoch 0 | Batch 4711/163089 | Loss: 1.9030
Epoch 0 | Batch 4721/163089 | Loss: 1.6912
Epoch 0 | Batch 4731/163089 | Loss: 2.0565
Epoch 0 | Batch 4741/163089 | Loss: 1.8503
Epoch 0 | Batch 4751/163089 | Loss: 1.7997
Epoch 0 | Batch 4761/163089 | Loss: 1.8928
Epoch 0 | Batch 4771/163089 | Loss: 1.7955
Epoch 0 | Batch 4781/163089 | Loss: 1.8084
Epoch 0 | Batch 4791/163089 | Loss: 1.7780
Epoch 0 | Batch 4801/163089 | Loss: 1.7428
Epoch 0 | Batch 4811/163089 | Loss: 1.5301
Epoch 0 | Batch 4821/163089 | Loss: 1.6896
Epoch 0 | Batch 4831/163089 | Loss: 1.7279
Epoch 0 | Batch 4841/163089 | Loss: 1.7450
Epoch 0 | Batch 4851/163089 | Loss: 1.6876
Epoch 0 | Batch 4861/163089 | Loss: 1.8057
Epoch 0 | Batch 4871/163089 | Loss: 1.7407
Epoch 0 | Batch 4881/163089 | Loss: 1.8126
Epoch 0 | Batch 4891/163089 | Loss: 1.6535
Epoch 0 | Batch 4901/163089 | Loss: 1.8124
Epoch 0 | Batch 4911/163089 | Loss: 1.7321
Epoch 0 | Batch 4921/163089 | Loss: 1.9129
Epoch 0 | Batch 4931/163089 | Loss: 1.8731
Epoch 0 | Batch 4941/163089 | Loss: 1.7239
Epoch 0 | Batch 4951/163089 | Loss: 1.7629
Epoch 0 | Batch 4961/163089 | Loss: 1.6501
Epoch 0 | Batch 4971/163089 | Loss: 1.7639
Epoch 0 | Batch 4981/163089 | Loss: 1.7725
Epoch 0 | Batch 4991/163089 | Loss: 1.9024
Epoch 0 | Batch 5001/163089 | Loss: 1.6201
Epoch 0 | Batch 5011/163089 | Loss: 1.7054
Epoch 0 | Batch 5021/163089 | Loss: 1.6296
Epoch 0 | Batch 5031/163089 | Loss: 1.5425
Epoch 0 | Batch 5041/163089 | Loss: 1.9596
Epoch 0 | Batch 5051/163089 | Loss: 1.8561
Epoch 0 | Batch 5061/163089 | Loss: 1.7785
Epoch 0 | Batch 5071/163089 | Loss: 1.7545
Epoch 0 | Batch 5081/163089 | Loss: 1.5254
Epoch 0 | Batch 5091/163089 | Loss: 1.8032
Epoch 0 | Batch 5101/163089 | Loss: 1.7308
Epoch 0 | Batch 5111/163089 | Loss: 1.5415
Epoch 0 | Batch 5121/163089 | Loss: 1.7943
Epoch 0 | Batch 5131/163089 | Loss: 1.9453
Epoch 0 | Batch 5141/163089 | Loss: 1.8481
Epoch 0 | Batch 5151/163089 | Loss: 1.8659
Epoch 0 | Batch 5161/163089 | Loss: 1.7000
Epoch 0 | Batch 5171/163089 | Loss: 1.7889
Epoch 0 | Batch 5181/163089 | Loss: 1.8102
Epoch 0 | Batch 5191/163089 | Loss: 1.7315
Epoch 0 | Batch 5201/163089 | Loss: 1.7565
Epoch 0 | Batch 5211/163089 | Loss: 1.7357
Epoch 0 | Batch 5221/163089 | Loss: 1.7905
Epoch 0 | Batch 5231/163089 | Loss: 1.6319
Epoch 0 | Batch 5241/163089 | Loss: 1.8785
Epoch 0 | Batch 5251/163089 | Loss: 1.6845
Epoch 0 | Batch 5261/163089 | Loss: 1.8008
Epoch 0 | Batch 5271/163089 | Loss: 1.9033
Epoch 0 | Batch 5281/163089 | Loss: 1.7428
Epoch 0 | Batch 5291/163089 | Loss: 1.8743
Epoch 0 | Batch 5301/163089 | Loss: 1.8387
Epoch 0 | Batch 5311/163089 | Loss: 1.6575
Epoch 0 | Batch 5321/163089 | Loss: 1.6071
Epoch 0 | Batch 5331/163089 | Loss: 1.6755
Epoch 0 | Batch 5341/163089 | Loss: 1.7100
Epoch 0 | Batch 5351/163089 | Loss: 1.6896
Epoch 0 | Batch 5361/163089 | Loss: 1.8618
Epoch 0 | Batch 5371/163089 | Loss: 1.7395
Epoch 0 | Batch 5381/163089 | Loss: 1.7477
Epoch 0 | Batch 5391/163089 | Loss: 1.7350
Epoch 0 | Batch 5401/163089 | Loss: 1.8363
Epoch 0 | Batch 5411/163089 | Loss: 1.7127
Epoch 0 | Batch 5421/163089 | Loss: 1.8135
Epoch 0 | Batch 5431/163089 | Loss: 1.8715
Epoch 0 | Batch 5441/163089 | Loss: 1.6636
Epoch 0 | Batch 5451/163089 | Loss: 1.8288
Epoch 0 | Batch 5461/163089 | Loss: 1.8532
Epoch 0 | Batch 5471/163089 | Loss: 1.7125
Epoch 0 | Batch 5481/163089 | Loss: 1.8332
Epoch 0 | Batch 5491/163089 | Loss: 1.8419
Epoch 0 | Batch 5501/163089 | Loss: 1.8210
Epoch 0 | Batch 5511/163089 | Loss: 1.6848
Epoch 0 | Batch 5521/163089 | Loss: 1.7595
Epoch 0 | Batch 5531/163089 | Loss: 1.7047
Epoch 0 | Batch 5541/163089 | Loss: 1.7789
Epoch 0 | Batch 5551/163089 | Loss: 1.7563
Epoch 0 | Batch 5561/163089 | Loss: 1.6977
Epoch 0 | Batch 5571/163089 | Loss: 1.6562
Epoch 0 | Batch 5581/163089 | Loss: 1.6269
Epoch 0 | Batch 5591/163089 | Loss: 1.7880
Epoch 0 | Batch 5601/163089 | Loss: 1.7488
Epoch 0 | Batch 5611/163089 | Loss: 1.6083
Epoch 0 | Batch 5621/163089 | Loss: 1.8518
Epoch 0 | Batch 5631/163089 | Loss: 1.5979
Epoch 0 | Batch 5641/163089 | Loss: 1.8169
Epoch 0 | Batch 5651/163089 | Loss: 1.8990
Epoch 0 | Batch 5661/163089 | Loss: 1.9797
Epoch 0 | Batch 5671/163089 | Loss: 1.7480
Epoch 0 | Batch 5681/163089 | Loss: 1.7487
Epoch 0 | Batch 5691/163089 | Loss: 2.0658
Epoch 0 | Batch 5701/163089 | Loss: 1.8092
Epoch 0 | Batch 5711/163089 | Loss: 1.8751
Epoch 0 | Batch 5721/163089 | Loss: 1.8479
Epoch 0 | Batch 5731/163089 | Loss: 1.8681
Epoch 0 | Batch 5741/163089 | Loss: 1.7869
Epoch 0 | Batch 5751/163089 | Loss: 1.8511
Epoch 0 | Batch 5761/163089 | Loss: 1.7016
Epoch 0 | Batch 5771/163089 | Loss: 1.8305
Epoch 0 | Batch 5781/163089 | Loss: 1.8834
Epoch 0 | Batch 5791/163089 | Loss: 1.8271
Epoch 0 | Batch 5801/163089 | Loss: 1.7481
Epoch 0 | Batch 5811/163089 | Loss: 1.6790
Epoch 0 | Batch 5821/163089 | Loss: 1.7174
Epoch 0 | Batch 5831/163089 | Loss: 1.9062
Epoch 0 | Batch 5841/163089 | Loss: 1.6182
Epoch 0 | Batch 5851/163089 | Loss: 1.7985
Epoch 0 | Batch 5861/163089 | Loss: 1.8793
Epoch 0 | Batch 5871/163089 | Loss: 1.7477
Epoch 0 | Batch 5881/163089 | Loss: 1.8414
Epoch 0 | Batch 5891/163089 | Loss: 1.6501
Epoch 0 | Batch 5901/163089 | Loss: 1.7546
Epoch 0 | Batch 5911/163089 | Loss: 1.9080
Epoch 0 | Batch 5921/163089 | Loss: 1.6139
Epoch 0 | Batch 5931/163089 | Loss: 1.5828
Epoch 0 | Batch 5941/163089 | Loss: 1.7440
Epoch 0 | Batch 5951/163089 | Loss: 1.8480
Epoch 0 | Batch 5961/163089 | Loss: 1.8263
Epoch 0 | Batch 5971/163089 | Loss: 1.8708
Epoch 0 | Batch 5981/163089 | Loss: 1.5972
Epoch 0 | Batch 5991/163089 | Loss: 1.6909
Epoch 0 | Batch 6001/163089 | Loss: 1.8571
Epoch 0 | Batch 6011/163089 | Loss: 1.8867
Epoch 0 | Batch 6021/163089 | Loss: 1.8981
Epoch 0 | Batch 6031/163089 | Loss: 1.8136
Epoch 0 | Batch 6041/163089 | Loss: 1.7710
Epoch 0 | Batch 6051/163089 | Loss: 1.7344
Epoch 0 | Batch 6061/163089 | Loss: 1.8078
Epoch 0 | Batch 6071/163089 | Loss: 1.8041
Epoch 0 | Batch 6081/163089 | Loss: 1.7744
Epoch 0 | Batch 6091/163089 | Loss: 1.9264
Epoch 0 | Batch 6101/163089 | Loss: 1.7872
Epoch 0 | Batch 6111/163089 | Loss: 1.7263
Epoch 0 | Batch 6121/163089 | Loss: 1.7258
Epoch 0 | Batch 6131/163089 | Loss: 1.7374
Epoch 0 | Batch 6141/163089 | Loss: 1.7285
Epoch 0 | Batch 6151/163089 | Loss: 1.8024
Epoch 0 | Batch 6161/163089 | Loss: 1.7105
Epoch 0 | Batch 6171/163089 | Loss: 1.7794
Epoch 0 | Batch 6181/163089 | Loss: 1.8683
Epoch 0 | Batch 6191/163089 | Loss: 1.4644
Epoch 0 | Batch 6201/163089 | Loss: 1.7977
Epoch 0 | Batch 6211/163089 | Loss: 1.7782
Epoch 0 | Batch 6221/163089 | Loss: 1.9259
Epoch 0 | Batch 6231/163089 | Loss: 1.8625
Epoch 0 | Batch 6241/163089 | Loss: 1.9062
Epoch 0 | Batch 6251/163089 | Loss: 1.8881
Epoch 0 | Batch 6261/163089 | Loss: 1.6592
Epoch 0 | Batch 6271/163089 | Loss: 1.7550
Epoch 0 | Batch 6281/163089 | Loss: 1.8737
Epoch 0 | Batch 6291/163089 | Loss: 1.6563
Epoch 0 | Batch 6301/163089 | Loss: 1.7877
Epoch 0 | Batch 6311/163089 | Loss: 1.8065
Epoch 0 | Batch 6321/163089 | Loss: 1.7524
Epoch 0 | Batch 6331/163089 | Loss: 1.7989
Epoch 0 | Batch 6341/163089 | Loss: 1.7090
Epoch 0 | Batch 6351/163089 | Loss: 1.7466
Epoch 0 | Batch 6361/163089 | Loss: 1.9870
Epoch 0 | Batch 6371/163089 | Loss: 1.8654
Epoch 0 | Batch 6381/163089 | Loss: 1.8285
Epoch 0 | Batch 6391/163089 | Loss: 1.8110
Epoch 0 | Batch 6401/163089 | Loss: 1.7492
Epoch 0 | Batch 6411/163089 | Loss: 1.8957
Epoch 0 | Batch 6421/163089 | Loss: 1.7730
Epoch 0 | Batch 6431/163089 | Loss: 1.8043
Epoch 0 | Batch 6441/163089 | Loss: 1.8969
Epoch 0 | Batch 6451/163089 | Loss: 1.5844
Epoch 0 | Batch 6461/163089 | Loss: 1.7723
Epoch 0 | Batch 6471/163089 | Loss: 1.7586
Epoch 0 | Batch 6481/163089 | Loss: 1.7983
Epoch 0 | Batch 6491/163089 | Loss: 1.7987
Epoch 0 | Batch 6501/163089 | Loss: 1.7315
Epoch 0 | Batch 6511/163089 | Loss: 1.6689
Epoch 0 | Batch 6521/163089 | Loss: 1.8186
Epoch 0 | Batch 6531/163089 | Loss: 1.7364
Epoch 0 | Batch 6541/163089 | Loss: 1.8918
Epoch 0 | Batch 6551/163089 | Loss: 1.8388
Epoch 0 | Batch 6561/163089 | Loss: 1.7118
Epoch 0 | Batch 6571/163089 | Loss: 1.8451
Epoch 0 | Batch 6581/163089 | Loss: 1.8554
Epoch 0 | Batch 6591/163089 | Loss: 1.7966
Epoch 0 | Batch 6601/163089 | Loss: 1.8102
Epoch 0 | Batch 6611/163089 | Loss: 1.7599
Epoch 0 | Batch 6621/163089 | Loss: 1.7062
Epoch 0 | Batch 6631/163089 | Loss: 1.7581
Epoch 0 | Batch 6641/163089 | Loss: 1.6739
Epoch 0 | Batch 6651/163089 | Loss: 1.6845
Epoch 0 | Batch 6661/163089 | Loss: 1.8165
Epoch 0 | Batch 6671/163089 | Loss: 1.7993
Epoch 0 | Batch 6681/163089 | Loss: 1.6616
Epoch 0 | Batch 6691/163089 | Loss: 1.7601
Epoch 0 | Batch 6701/163089 | Loss: 1.8470
Epoch 0 | Batch 6711/163089 | Loss: 1.7824
Epoch 0 | Batch 6721/163089 | Loss: 1.6020
Epoch 0 | Batch 6731/163089 | Loss: 1.7898
Epoch 0 | Batch 6741/163089 | Loss: 1.6929
Epoch 0 | Batch 6751/163089 | Loss: 1.7379
Epoch 0 | Batch 6761/163089 | Loss: 1.9307
Epoch 0 | Batch 6771/163089 | Loss: 1.8457
Epoch 0 | Batch 6781/163089 | Loss: 1.8176
Epoch 0 | Batch 6791/163089 | Loss: 1.5852
Epoch 0 | Batch 6801/163089 | Loss: 1.7880
Epoch 0 | Batch 6811/163089 | Loss: 1.8572
Epoch 0 | Batch 6821/163089 | Loss: 1.7854
Epoch 0 | Batch 6831/163089 | Loss: 1.7266
Epoch 0 | Batch 6841/163089 | Loss: 1.7930
Epoch 0 | Batch 6851/163089 | Loss: 1.7298
Epoch 0 | Batch 6861/163089 | Loss: 1.7219
Epoch 0 | Batch 6871/163089 | Loss: 1.6919
Epoch 0 | Batch 6881/163089 | Loss: 1.9211
Epoch 0 | Batch 6891/163089 | Loss: 1.7026
Epoch 0 | Batch 6901/163089 | Loss: 1.6550
Epoch 0 | Batch 6911/163089 | Loss: 1.8268
Epoch 0 | Batch 6921/163089 | Loss: 1.5722
Epoch 0 | Batch 6931/163089 | Loss: 1.7606
Epoch 0 | Batch 6941/163089 | Loss: 1.6406
Epoch 0 | Batch 6951/163089 | Loss: 1.5887
Epoch 0 | Batch 6961/163089 | Loss: 1.7198
Epoch 0 | Batch 6971/163089 | Loss: 1.7559
Epoch 0 | Batch 6981/163089 | Loss: 1.8084
Epoch 0 | Batch 6991/163089 | Loss: 1.8364
Epoch 0 | Batch 7001/163089 | Loss: 1.6565
Epoch 0 | Batch 7011/163089 | Loss: 1.6612
Epoch 0 | Batch 7021/163089 | Loss: 1.8539
Epoch 0 | Batch 7031/163089 | Loss: 1.7528
Epoch 0 | Batch 7041/163089 | Loss: 1.7903
Epoch 0 | Batch 7051/163089 | Loss: 1.8774
Epoch 0 | Batch 7061/163089 | Loss: 1.7385
Epoch 0 | Batch 7071/163089 | Loss: 1.7108
Epoch 0 | Batch 7081/163089 | Loss: 1.7170
Epoch 0 | Batch 7091/163089 | Loss: 1.7598
Epoch 0 | Batch 7101/163089 | Loss: 1.7895
Epoch 0 | Batch 7111/163089 | Loss: 1.9256
Epoch 0 | Batch 7121/163089 | Loss: 1.8465
Epoch 0 | Batch 7131/163089 | Loss: 1.6172
Epoch 0 | Batch 7141/163089 | Loss: 1.9225
Epoch 0 | Batch 7151/163089 | Loss: 1.7693
Epoch 0 | Batch 7161/163089 | Loss: 1.6979
Epoch 0 | Batch 7171/163089 | Loss: 1.7866
Epoch 0 | Batch 7181/163089 | Loss: 1.7281
Epoch 0 | Batch 7191/163089 | Loss: 1.9419
Epoch 0 | Batch 7201/163089 | Loss: 1.8437
Epoch 0 | Batch 7211/163089 | Loss: 1.6354
Epoch 0 | Batch 7221/163089 | Loss: 1.8238
Epoch 0 | Batch 7231/163089 | Loss: 1.7651
Epoch 0 | Batch 7241/163089 | Loss: 1.7799
Epoch 0 | Batch 7251/163089 | Loss: 1.8169
Epoch 0 | Batch 7261/163089 | Loss: 1.6729
Epoch 0 | Batch 7271/163089 | Loss: 1.6842
Epoch 0 | Batch 7281/163089 | Loss: 1.7234
Epoch 0 | Batch 7291/163089 | Loss: 1.9616
Epoch 0 | Batch 7301/163089 | Loss: 1.8652
Epoch 0 | Batch 7311/163089 | Loss: 1.7919
Epoch 0 | Batch 7321/163089 | Loss: 1.7637
Epoch 0 | Batch 7331/163089 | Loss: 1.7931
Epoch 0 | Batch 7341/163089 | Loss: 1.5394
Epoch 0 | Batch 7351/163089 | Loss: 1.6324
Epoch 0 | Batch 7361/163089 | Loss: 1.8517
Epoch 0 | Batch 7371/163089 | Loss: 1.8731
Epoch 0 | Batch 7381/163089 | Loss: 1.7379
Epoch 0 | Batch 7391/163089 | Loss: 1.6161
Epoch 0 | Batch 7401/163089 | Loss: 1.8326
Epoch 0 | Batch 7411/163089 | Loss: 1.7870
Epoch 0 | Batch 7421/163089 | Loss: 1.6679
Epoch 0 | Batch 7431/163089 | Loss: 1.8432
Epoch 0 | Batch 7441/163089 | Loss: 1.7315
Epoch 0 | Batch 7451/163089 | Loss: 1.7462
Epoch 0 | Batch 7461/163089 | Loss: 1.9198
Epoch 0 | Batch 7471/163089 | Loss: 1.7107
Epoch 0 | Batch 7481/163089 | Loss: 1.7975
Epoch 0 | Batch 7491/163089 | Loss: 1.8496
Epoch 0 | Batch 7501/163089 | Loss: 1.8056
Epoch 0 | Batch 7511/163089 | Loss: 1.7449
Epoch 0 | Batch 7521/163089 | Loss: 1.8398
Epoch 0 | Batch 7531/163089 | Loss: 1.7329
Epoch 0 | Batch 7541/163089 | Loss: 1.8606
Epoch 0 | Batch 7551/163089 | Loss: 1.7867
Epoch 0 | Batch 7561/163089 | Loss: 1.7971
Epoch 0 | Batch 7571/163089 | Loss: 1.7001
Epoch 0 | Batch 7581/163089 | Loss: 1.5296
Epoch 0 | Batch 7591/163089 | Loss: 1.6447
Epoch 0 | Batch 7601/163089 | Loss: 1.7557
Epoch 0 | Batch 7611/163089 | Loss: 1.6289
Epoch 0 | Batch 7621/163089 | Loss: 1.7429
Epoch 0 | Batch 7631/163089 | Loss: 1.6256
Epoch 0 | Batch 7641/163089 | Loss: 1.6966
Epoch 0 | Batch 7651/163089 | Loss: 1.8243
Epoch 0 | Batch 7661/163089 | Loss: 1.6831
Epoch 0 | Batch 7671/163089 | Loss: 1.9332
Epoch 0 | Batch 7681/163089 | Loss: 1.7704
Epoch 0 | Batch 7691/163089 | Loss: 1.6928
Epoch 0 | Batch 7701/163089 | Loss: 1.5387
Epoch 0 | Batch 7711/163089 | Loss: 1.5745
Epoch 0 | Batch 7721/163089 | Loss: 1.7675
Epoch 0 | Batch 7731/163089 | Loss: 1.7391
Epoch 0 | Batch 7741/163089 | Loss: 1.8846
Epoch 0 | Batch 7751/163089 | Loss: 1.6517
Epoch 0 | Batch 7761/163089 | Loss: 1.7553
Epoch 0 | Batch 7771/163089 | Loss: 1.8289
Epoch 0 | Batch 7781/163089 | Loss: 1.6648
Epoch 0 | Batch 7791/163089 | Loss: 1.8595
Epoch 0 | Batch 7801/163089 | Loss: 1.7097
Epoch 0 | Batch 7811/163089 | Loss: 1.7252
Epoch 0 | Batch 7821/163089 | Loss: 1.7518
Epoch 0 | Batch 7831/163089 | Loss: 1.7456
Epoch 0 | Batch 7841/163089 | Loss: 1.7994
Epoch 0 | Batch 7851/163089 | Loss: 1.7323
Epoch 0 | Batch 7861/163089 | Loss: 1.8050
Epoch 0 | Batch 7871/163089 | Loss: 1.7509
Epoch 0 | Batch 7881/163089 | Loss: 1.7489
Epoch 0 | Batch 7891/163089 | Loss: 1.6877
Epoch 0 | Batch 7901/163089 | Loss: 1.7434
Epoch 0 | Batch 7911/163089 | Loss: 1.7192
Epoch 0 | Batch 7921/163089 | Loss: 1.8212
Epoch 0 | Batch 7931/163089 | Loss: 1.6932
Epoch 0 | Batch 7941/163089 | Loss: 1.6883
Epoch 0 | Batch 7951/163089 | Loss: 1.8073
Epoch 0 | Batch 7961/163089 | Loss: 1.7917
Epoch 0 | Batch 7971/163089 | Loss: 1.8739
Epoch 0 | Batch 7981/163089 | Loss: 1.7460
Epoch 0 | Batch 7991/163089 | Loss: 1.6970
Epoch 0 | Batch 8001/163089 | Loss: 1.7539
Epoch 0 | Batch 8011/163089 | Loss: 1.7810
Epoch 0 | Batch 8021/163089 | Loss: 1.8789
Epoch 0 | Batch 8031/163089 | Loss: 1.7551
Epoch 0 | Batch 8041/163089 | Loss: 1.8385
Epoch 0 | Batch 8051/163089 | Loss: 1.7364
Epoch 0 | Batch 8061/163089 | Loss: 1.8601
Epoch 0 | Batch 8071/163089 | Loss: 1.8031
Epoch 0 | Batch 8081/163089 | Loss: 1.7698
Epoch 0 | Batch 8091/163089 | Loss: 1.9041
Epoch 0 | Batch 8101/163089 | Loss: 1.8597
Epoch 0 | Batch 8111/163089 | Loss: 1.5965
Epoch 0 | Batch 8121/163089 | Loss: 1.6765
Epoch 0 | Batch 8131/163089 | Loss: 1.7380
Epoch 0 | Batch 8141/163089 | Loss: 1.6621
Epoch 0 | Batch 8151/163089 | Loss: 1.7165
Epoch 0 | Batch 8161/163089 | Loss: 1.6795
Epoch 0 | Batch 8171/163089 | Loss: 1.8659
Epoch 0 | Batch 8181/163089 | Loss: 1.7675
Epoch 0 | Batch 8191/163089 | Loss: 1.6892
Epoch 0 | Batch 8201/163089 | Loss: 1.6227
Epoch 0 | Batch 8211/163089 | Loss: 1.7166
Epoch 0 | Batch 8221/163089 | Loss: 1.6664
Epoch 0 | Batch 8231/163089 | Loss: 1.7878
Epoch 0 | Batch 8241/163089 | Loss: 1.7290
Epoch 0 | Batch 8251/163089 | Loss: 1.7443
Epoch 0 | Batch 8261/163089 | Loss: 1.8414
Epoch 0 | Batch 8271/163089 | Loss: 1.6037
Epoch 0 | Batch 8281/163089 | Loss: 1.7423
Epoch 0 | Batch 8291/163089 | Loss: 1.8281
Epoch 0 | Batch 8301/163089 | Loss: 1.7156
Epoch 0 | Batch 8311/163089 | Loss: 1.8111
Epoch 0 | Batch 8321/163089 | Loss: 1.7948
Epoch 0 | Batch 8331/163089 | Loss: 1.7577
Epoch 0 | Batch 8341/163089 | Loss: 1.7889
Epoch 0 | Batch 8351/163089 | Loss: 1.8816
Epoch 0 | Batch 8361/163089 | Loss: 1.7498
Epoch 0 | Batch 8371/163089 | Loss: 1.8238
Epoch 0 | Batch 8381/163089 | Loss: 1.7043
Epoch 0 | Batch 8391/163089 | Loss: 1.8191
Epoch 0 | Batch 8401/163089 | Loss: 1.9625
Epoch 0 | Batch 8411/163089 | Loss: 1.7925
Epoch 0 | Batch 8421/163089 | Loss: 1.6220
Epoch 0 | Batch 8431/163089 | Loss: 1.6511
Epoch 0 | Batch 8441/163089 | Loss: 1.9255
Epoch 0 | Batch 8451/163089 | Loss: 1.7817
Epoch 0 | Batch 8461/163089 | Loss: 1.8159
Epoch 0 | Batch 8471/163089 | Loss: 1.9004
Epoch 0 | Batch 8481/163089 | Loss: 1.7555
Epoch 0 | Batch 8491/163089 | Loss: 1.7519
Epoch 0 | Batch 8501/163089 | Loss: 1.7020
Epoch 0 | Batch 8511/163089 | Loss: 1.7873
Epoch 0 | Batch 8521/163089 | Loss: 1.6848
Epoch 0 | Batch 8531/163089 | Loss: 1.7203
Epoch 0 | Batch 8541/163089 | Loss: 1.8378
Epoch 0 | Batch 8551/163089 | Loss: 1.7322
Epoch 0 | Batch 8561/163089 | Loss: 1.8004
Epoch 0 | Batch 8571/163089 | Loss: 1.7822
Epoch 0 | Batch 8581/163089 | Loss: 1.7952
Epoch 0 | Batch 8591/163089 | Loss: 1.7576
Epoch 0 | Batch 8601/163089 | Loss: 1.8725
Epoch 0 | Batch 8611/163089 | Loss: 1.6959
Epoch 0 | Batch 8621/163089 | Loss: 1.7406
Epoch 0 | Batch 8631/163089 | Loss: 1.6183
Epoch 0 | Batch 8641/163089 | Loss: 1.7517
Epoch 0 | Batch 8651/163089 | Loss: 1.9072
Epoch 0 | Batch 8661/163089 | Loss: 1.6405
Epoch 0 | Batch 8671/163089 | Loss: 1.7786
Epoch 0 | Batch 8681/163089 | Loss: 1.7673
Epoch 0 | Batch 8691/163089 | Loss: 1.7479
Epoch 0 | Batch 8701/163089 | Loss: 1.8512
Epoch 0 | Batch 8711/163089 | Loss: 1.9082
Epoch 0 | Batch 8721/163089 | Loss: 1.8685
Epoch 0 | Batch 8731/163089 | Loss: 1.7862
Epoch 0 | Batch 8741/163089 | Loss: 1.5793
Epoch 0 | Batch 8751/163089 | Loss: 1.7365
Epoch 0 | Batch 8761/163089 | Loss: 1.7121
Epoch 0 | Batch 8771/163089 | Loss: 1.8052
Epoch 0 | Batch 8781/163089 | Loss: 1.5831
Epoch 0 | Batch 8791/163089 | Loss: 1.6796
Epoch 0 | Batch 8801/163089 | Loss: 1.7828
Epoch 0 | Batch 8811/163089 | Loss: 1.7360
Epoch 0 | Batch 8821/163089 | Loss: 1.7373
Epoch 0 | Batch 8831/163089 | Loss: 1.6995
Epoch 0 | Batch 8841/163089 | Loss: 1.6917
Epoch 0 | Batch 8851/163089 | Loss: 1.6890
Epoch 0 | Batch 8861/163089 | Loss: 1.8195
Epoch 0 | Batch 8871/163089 | Loss: 1.8434
Epoch 0 | Batch 8881/163089 | Loss: 1.6648
Epoch 0 | Batch 8891/163089 | Loss: 1.6634
Epoch 0 | Batch 8901/163089 | Loss: 1.7103
Epoch 0 | Batch 8911/163089 | Loss: 1.7955
Epoch 0 | Batch 8921/163089 | Loss: 1.8431
Epoch 0 | Batch 8931/163089 | Loss: 1.7578
Epoch 0 | Batch 8941/163089 | Loss: 1.7720
Epoch 0 | Batch 8951/163089 | Loss: 1.7160
Epoch 0 | Batch 8961/163089 | Loss: 1.8104
Epoch 0 | Batch 8971/163089 | Loss: 1.8759
Epoch 0 | Batch 8981/163089 | Loss: 1.7884
Epoch 0 | Batch 8991/163089 | Loss: 1.7676
Epoch 0 | Batch 9001/163089 | Loss: 1.7420
Epoch 0 | Batch 9011/163089 | Loss: 1.7779
Epoch 0 | Batch 9021/163089 | Loss: 1.6860
Epoch 0 | Batch 9031/163089 | Loss: 1.7388
Epoch 0 | Batch 9041/163089 | Loss: 1.9190
Epoch 0 | Batch 9051/163089 | Loss: 1.7841
Epoch 0 | Batch 9061/163089 | Loss: 1.6748
Epoch 0 | Batch 9071/163089 | Loss: 1.7529
Epoch 0 | Batch 9081/163089 | Loss: 1.8577
Epoch 0 | Batch 9091/163089 | Loss: 1.8501
Epoch 0 | Batch 9101/163089 | Loss: 1.7680
Epoch 0 | Batch 9111/163089 | Loss: 1.6473
Epoch 0 | Batch 9121/163089 | Loss: 1.6936
Epoch 0 | Batch 9131/163089 | Loss: 1.8558
Epoch 0 | Batch 9141/163089 | Loss: 1.7345
Epoch 0 | Batch 9151/163089 | Loss: 1.7260
Epoch 0 | Batch 9161/163089 | Loss: 1.7942
Epoch 0 | Batch 9171/163089 | Loss: 1.9165
Epoch 0 | Batch 9181/163089 | Loss: 1.6413
Epoch 0 | Batch 9191/163089 | Loss: 1.9004
Epoch 0 | Batch 9201/163089 | Loss: 1.7018
Epoch 0 | Batch 9211/163089 | Loss: 1.6446
Epoch 0 | Batch 9221/163089 | Loss: 1.6809
Epoch 0 | Batch 9231/163089 | Loss: 1.7265
Epoch 0 | Batch 9241/163089 | Loss: 1.7894
Epoch 0 | Batch 9251/163089 | Loss: 1.6700
Epoch 0 | Batch 9261/163089 | Loss: 1.6476
Epoch 0 | Batch 9271/163089 | Loss: 1.6569
Epoch 0 | Batch 9281/163089 | Loss: 1.7019
Epoch 0 | Batch 9291/163089 | Loss: 1.6285
Epoch 0 | Batch 9301/163089 | Loss: 1.8409
Epoch 0 | Batch 9311/163089 | Loss: 1.6674
Epoch 0 | Batch 9321/163089 | Loss: 1.6665
Epoch 0 | Batch 9331/163089 | Loss: 1.8809
Epoch 0 | Batch 9341/163089 | Loss: 1.8021
Epoch 0 | Batch 9351/163089 | Loss: 1.7471
Epoch 0 | Batch 9361/163089 | Loss: 1.6846
Epoch 0 | Batch 9371/163089 | Loss: 1.5801
Epoch 0 | Batch 9381/163089 | Loss: 1.8172
Epoch 0 | Batch 9391/163089 | Loss: 1.7868
Epoch 0 | Batch 9401/163089 | Loss: 1.5898
Epoch 0 | Batch 9411/163089 | Loss: 1.6837
Epoch 0 | Batch 9421/163089 | Loss: 1.7007
Epoch 0 | Batch 9431/163089 | Loss: 1.8170
Epoch 0 | Batch 9441/163089 | Loss: 1.6572
Epoch 0 | Batch 9451/163089 | Loss: 1.7832
Epoch 0 | Batch 9461/163089 | Loss: 1.7805
Epoch 0 | Batch 9471/163089 | Loss: 1.7215
Epoch 0 | Batch 9481/163089 | Loss: 1.7763
Epoch 0 | Batch 9491/163089 | Loss: 1.8658
Epoch 0 | Batch 9501/163089 | Loss: 1.7215
Epoch 0 | Batch 9511/163089 | Loss: 1.8034
Epoch 0 | Batch 9521/163089 | Loss: 1.7165
Epoch 0 | Batch 9531/163089 | Loss: 1.7935
Epoch 0 | Batch 9541/163089 | Loss: 1.7989
Epoch 0 | Batch 9551/163089 | Loss: 1.7837
Epoch 0 | Batch 9561/163089 | Loss: 1.7990
Epoch 0 | Batch 9571/163089 | Loss: 1.7305
Epoch 0 | Batch 9581/163089 | Loss: 1.6742
Epoch 0 | Batch 9591/163089 | Loss: 1.8797
Epoch 0 | Batch 9601/163089 | Loss: 1.7118
Epoch 0 | Batch 9611/163089 | Loss: 1.6676
Epoch 0 | Batch 9621/163089 | Loss: 1.7798
Epoch 0 | Batch 9631/163089 | Loss: 1.5842
Epoch 0 | Batch 9641/163089 | Loss: 1.6027
Epoch 0 | Batch 9651/163089 | Loss: 1.7848
Epoch 0 | Batch 9661/163089 | Loss: 1.6565
Epoch 0 | Batch 9671/163089 | Loss: 1.7690
Epoch 0 | Batch 9681/163089 | Loss: 1.8069
Epoch 0 | Batch 9691/163089 | Loss: 1.8435
Epoch 0 | Batch 9701/163089 | Loss: 1.6313
Epoch 0 | Batch 9711/163089 | Loss: 1.6964
Epoch 0 | Batch 9721/163089 | Loss: 1.7812
Epoch 0 | Batch 9731/163089 | Loss: 1.7492
Epoch 0 | Batch 9741/163089 | Loss: 1.6210
Epoch 0 | Batch 9751/163089 | Loss: 1.7160
Epoch 0 | Batch 9761/163089 | Loss: 1.7722
Epoch 0 | Batch 9771/163089 | Loss: 1.6815
Epoch 0 | Batch 9781/163089 | Loss: 1.6818
Epoch 0 | Batch 9791/163089 | Loss: 1.7889
Epoch 0 | Batch 9801/163089 | Loss: 1.7716
Epoch 0 | Batch 9811/163089 | Loss: 1.6760
Epoch 0 | Batch 9821/163089 | Loss: 1.6287
Epoch 0 | Batch 9831/163089 | Loss: 1.9764
Epoch 0 | Batch 9841/163089 | Loss: 1.8302
Epoch 0 | Batch 9851/163089 | Loss: 1.7844
Epoch 0 | Batch 9861/163089 | Loss: 1.7335
Epoch 0 | Batch 9871/163089 | Loss: 1.7575
Epoch 0 | Batch 9881/163089 | Loss: 1.7937
Epoch 0 | Batch 9891/163089 | Loss: 1.7858
Epoch 0 | Batch 9901/163089 | Loss: 1.4714
Epoch 0 | Batch 9911/163089 | Loss: 1.7722
Epoch 0 | Batch 9921/163089 | Loss: 1.7030
Epoch 0 | Batch 9931/163089 | Loss: 1.7847
Epoch 0 | Batch 9941/163089 | Loss: 1.7307
Epoch 0 | Batch 9951/163089 | Loss: 1.8805
Epoch 0 | Batch 9961/163089 | Loss: 1.7393
Epoch 0 | Batch 9971/163089 | Loss: 1.7015
Epoch 0 | Batch 9981/163089 | Loss: 1.8090
Epoch 0 | Batch 9991/163089 | Loss: 1.8619
Epoch 0 | Batch 10001/163089 | Loss: 1.7835
Epoch 0 | Batch 10011/163089 | Loss: 1.6996
Epoch 0 | Batch 10021/163089 | Loss: 1.6867
Epoch 0 | Batch 10031/163089 | Loss: 1.9243
Epoch 0 | Batch 10041/163089 | Loss: 1.7162
Epoch 0 | Batch 10051/163089 | Loss: 1.8514
Epoch 0 | Batch 10061/163089 | Loss: 1.6450
Epoch 0 | Batch 10071/163089 | Loss: 1.7114
Epoch 0 | Batch 10081/163089 | Loss: 1.8434
Epoch 0 | Batch 10091/163089 | Loss: 1.8260
Epoch 0 | Batch 10101/163089 | Loss: 1.7142
Epoch 0 | Batch 10111/163089 | Loss: 1.7538
Epoch 0 | Batch 10121/163089 | Loss: 1.6459
Epoch 0 | Batch 10131/163089 | Loss: 1.6696
Epoch 0 | Batch 10141/163089 | Loss: 1.7278
Epoch 0 | Batch 10151/163089 | Loss: 1.7801
Epoch 0 | Batch 10161/163089 | Loss: 1.8280
Epoch 0 | Batch 10171/163089 | Loss: 1.6949
Epoch 0 | Batch 10181/163089 | Loss: 1.8026
Epoch 0 | Batch 10191/163089 | Loss: 1.7482
Epoch 0 | Batch 10201/163089 | Loss: 1.8226
Epoch 0 | Batch 10211/163089 | Loss: 1.7391
Epoch 0 | Batch 10221/163089 | Loss: 1.7259
Epoch 0 | Batch 10231/163089 | Loss: 1.6459
Epoch 0 | Batch 10241/163089 | Loss: 1.7567
Epoch 0 | Batch 10251/163089 | Loss: 1.6226
Epoch 0 | Batch 10261/163089 | Loss: 1.7696
Epoch 0 | Batch 10271/163089 | Loss: 1.7525
Epoch 0 | Batch 10281/163089 | Loss: 1.7665
Epoch 0 | Batch 10291/163089 | Loss: 1.7220
Epoch 0 | Batch 10301/163089 | Loss: 1.8202
Epoch 0 | Batch 10311/163089 | Loss: 1.6514
Epoch 0 | Batch 10321/163089 | Loss: 1.9225
Epoch 0 | Batch 10331/163089 | Loss: 1.7828
Epoch 0 | Batch 10341/163089 | Loss: 1.6827
Epoch 0 | Batch 10351/163089 | Loss: 1.8691
Epoch 0 | Batch 10361/163089 | Loss: 1.7303
Epoch 0 | Batch 10371/163089 | Loss: 1.9061
Epoch 0 | Batch 10381/163089 | Loss: 1.7367
Epoch 0 | Batch 10391/163089 | Loss: 1.8247
Epoch 0 | Batch 10401/163089 | Loss: 1.8801
Epoch 0 | Batch 10411/163089 | Loss: 1.8675
Epoch 0 | Batch 10421/163089 | Loss: 1.7624
Epoch 0 | Batch 10431/163089 | Loss: 1.6640
Epoch 0 | Batch 10441/163089 | Loss: 1.7016
Epoch 0 | Batch 10451/163089 | Loss: 1.7409
Epoch 0 | Batch 10461/163089 | Loss: 1.8155
Epoch 0 | Batch 10471/163089 | Loss: 1.7616
Epoch 0 | Batch 10481/163089 | Loss: 1.8742
Epoch 0 | Batch 10491/163089 | Loss: 1.5640
Epoch 0 | Batch 10501/163089 | Loss: 1.7894
Epoch 0 | Batch 10511/163089 | Loss: 1.6837
Epoch 0 | Batch 10521/163089 | Loss: 1.7085
Epoch 0 | Batch 10531/163089 | Loss: 1.7882
Epoch 0 | Batch 10541/163089 | Loss: 1.6452
Epoch 0 | Batch 10551/163089 | Loss: 1.8395
Epoch 0 | Batch 10561/163089 | Loss: 1.7121
Epoch 0 | Batch 10571/163089 | Loss: 1.7790
Epoch 0 | Batch 10581/163089 | Loss: 1.7501
Epoch 0 | Batch 10591/163089 | Loss: 1.6777
Epoch 0 | Batch 10601/163089 | Loss: 1.6240
Epoch 0 | Batch 10611/163089 | Loss: 1.6976
Epoch 0 | Batch 10621/163089 | Loss: 1.9126
Epoch 0 | Batch 10631/163089 | Loss: 1.7761
Epoch 0 | Batch 10641/163089 | Loss: 1.7223
Epoch 0 | Batch 10651/163089 | Loss: 1.7594
Epoch 0 | Batch 10661/163089 | Loss: 1.7422
Epoch 0 | Batch 10671/163089 | Loss: 1.7660
Epoch 0 | Batch 10681/163089 | Loss: 1.8266
Epoch 0 | Batch 10691/163089 | Loss: 1.6627
Epoch 0 | Batch 10701/163089 | Loss: 1.7628
Epoch 0 | Batch 10711/163089 | Loss: 1.7363
Epoch 0 | Batch 10721/163089 | Loss: 1.6277
Epoch 0 | Batch 10731/163089 | Loss: 1.7879
Epoch 0 | Batch 10741/163089 | Loss: 1.6909
Epoch 0 | Batch 10751/163089 | Loss: 1.8489
Epoch 0 | Batch 10761/163089 | Loss: 1.7241
Epoch 0 | Batch 10771/163089 | Loss: 1.6234
Epoch 0 | Batch 10781/163089 | Loss: 1.7589
Epoch 0 | Batch 10791/163089 | Loss: 1.8070
Epoch 0 | Batch 10801/163089 | Loss: 1.7862
Epoch 0 | Batch 10811/163089 | Loss: 1.6692
Epoch 0 | Batch 10821/163089 | Loss: 1.6263
Epoch 0 | Batch 10831/163089 | Loss: 1.6737
Epoch 0 | Batch 10841/163089 | Loss: 1.8591
Epoch 0 | Batch 10851/163089 | Loss: 1.7306
Epoch 0 | Batch 10861/163089 | Loss: 1.7970
Epoch 0 | Batch 10871/163089 | Loss: 1.7648
Epoch 0 | Batch 10881/163089 | Loss: 1.6499
Epoch 0 | Batch 10891/163089 | Loss: 1.8138
Epoch 0 | Batch 10901/163089 | Loss: 1.6795
Epoch 0 | Batch 10911/163089 | Loss: 1.6525
Epoch 0 | Batch 10921/163089 | Loss: 1.8389
Epoch 0 | Batch 10931/163089 | Loss: 1.7576
Epoch 0 | Batch 10941/163089 | Loss: 1.7022
Epoch 0 | Batch 10951/163089 | Loss: 1.6208
Epoch 0 | Batch 10961/163089 | Loss: 1.6268
